[2025-06-07 18:21:16] Request: Array
(
    [district_id] => 8
)

[2025-06-07 18:21:16] Response: [{"ResortID":122,"ResortName":"Bigi Poika"},{"ResortID":2,"ResortName":"Brownsweg"},{"ResortID":124,"ResortName":"Carolina"},{"ResortID":1,"ResortName":"Centrum"},{"ResortID":4,"ResortName":"Klaaskreek"},{"ResortID":7,"ResortName":"Kwakoegron"},{"ResortID":3,"ResortName":"Marchallkreek"},{"ResortID":120,"ResortName":"Onverwacht"},{"ResortID":125,"ResortName":"Oost"},{"ResortID":123,"ResortName":"Sabakoe"},{"ResortID":5,"ResortName":"Sarakreek"},{"ResortID":6,"ResortName":"Tapoeripa"},{"ResortID":121,"ResortName":"Zanderij"},{"ResortID":126,"ResortName":"Zuid"}]
[2025-06-07 18:24:47] Request: Array
(
    [district_id] => 8
)

[2025-06-07 18:24:47] Response: [{"ResortID":122,"ResortName":"Bigi Poika"},{"ResortID":2,"ResortName":"Brownsweg"},{"ResortID":124,"ResortName":"Carolina"},{"ResortID":1,"ResortName":"Centrum"},{"ResortID":4,"ResortName":"Klaaskreek"},{"ResortID":7,"ResortName":"Kwakoegron"},{"ResortID":3,"ResortName":"Marchallkreek"},{"ResortID":120,"ResortName":"Onverwacht"},{"ResortID":125,"ResortName":"Oost"},{"ResortID":123,"ResortName":"Sabakoe"},{"ResortID":5,"ResortName":"Sarakreek"},{"ResortID":6,"ResortName":"Tapoeripa"},{"ResortID":121,"ResortName":"Zanderij"},{"ResortID":126,"ResortName":"Zuid"}]
[2025-06-07 18:24:47] Request: Array
(
    [district_id] => 8
)

[2025-06-07 18:24:47] Response: [{"ResortID":122,"ResortName":"Bigi Poika"},{"ResortID":2,"ResortName":"Brownsweg"},{"ResortID":124,"ResortName":"Carolina"},{"ResortID":1,"ResortName":"Centrum"},{"ResortID":4,"ResortName":"Klaaskreek"},{"ResortID":7,"ResortName":"Kwakoegron"},{"ResortID":3,"ResortName":"Marchallkreek"},{"ResortID":120,"ResortName":"Onverwacht"},{"ResortID":125,"ResortName":"Oost"},{"ResortID":123,"ResortName":"Sabakoe"},{"ResortID":5,"ResortName":"Sarakreek"},{"ResortID":6,"ResortName":"Tapoeripa"},{"ResortID":121,"ResortName":"Zanderij"},{"ResortID":126,"ResortName":"Zuid"}]
[2025-06-07 18:29:11] Request: Array
(
    [district_id] => 9
)

[2025-06-07 18:29:11] Response: [{"ResortID":53,"ResortName":"Boven Coppename"},{"ResortID":55,"ResortName":"Boven Saramacca"},{"ResortID":54,"ResortName":"Boven Suriname"},{"ResortID":127,"ResortName":"Brokopondo Centrum"},{"ResortID":128,"ResortName":"Brownsweg"},{"ResortID":56,"ResortName":"Coeroeni"},{"ResortID":57,"ResortName":"Kabalebo"},{"ResortID":129,"ResortName":"Klaaskreek"},{"ResortID":130,"ResortName":"Kwakoegron"},{"ResortID":131,"ResortName":"Marchallkreek"},{"ResortID":132,"ResortName":"Sarakreek"},{"ResortID":60,"ResortName":"Sipaliwini Savanna"},{"ResortID":58,"ResortName":"Tapanahony"},{"ResortID":133,"ResortName":"Tapoeripa"},{"ResortID":59,"ResortName":"Zuidwest"}]
[2025-06-07 18:29:12] Request: Array
(
    [district_id] => 9
)

[2025-06-07 18:29:12] Response: [{"ResortID":53,"ResortName":"Boven Coppename"},{"ResortID":55,"ResortName":"Boven Saramacca"},{"ResortID":54,"ResortName":"Boven Suriname"},{"ResortID":127,"ResortName":"Brokopondo Centrum"},{"ResortID":128,"ResortName":"Brownsweg"},{"ResortID":56,"ResortName":"Coeroeni"},{"ResortID":57,"ResortName":"Kabalebo"},{"ResortID":129,"ResortName":"Klaaskreek"},{"ResortID":130,"ResortName":"Kwakoegron"},{"ResortID":131,"ResortName":"Marchallkreek"},{"ResortID":132,"ResortName":"Sarakreek"},{"ResortID":60,"ResortName":"Sipaliwini Savanna"},{"ResortID":58,"ResortName":"Tapanahony"},{"ResortID":133,"ResortName":"Tapoeripa"},{"ResortID":59,"ResortName":"Zuidwest"}]
[2025-06-07 18:29:12] Request: Array
(
    [district_id] => 9
)

[2025-06-07 18:29:12] Response: [{"ResortID":53,"ResortName":"Boven Coppename"},{"ResortID":55,"ResortName":"Boven Saramacca"},{"ResortID":54,"ResortName":"Boven Suriname"},{"ResortID":127,"ResortName":"Brokopondo Centrum"},{"ResortID":128,"ResortName":"Brownsweg"},{"ResortID":56,"ResortName":"Coeroeni"},{"ResortID":57,"ResortName":"Kabalebo"},{"ResortID":129,"ResortName":"Klaaskreek"},{"ResortID":130,"ResortName":"Kwakoegron"},{"ResortID":131,"ResortName":"Marchallkreek"},{"ResortID":132,"ResortName":"Sarakreek"},{"ResortID":60,"ResortName":"Sipaliwini Savanna"},{"ResortID":58,"ResortName":"Tapanahony"},{"ResortID":133,"ResortName":"Tapoeripa"},{"ResortID":59,"ResortName":"Zuidwest"}]
[2025-06-07 18:31:42] Request: Array
(
    [district_id] => 8
)

[2025-06-07 18:31:42] Response: [{"ResortID":122,"ResortName":"Bigi Poika"},{"ResortID":2,"ResortName":"Brownsweg"},{"ResortID":124,"ResortName":"Carolina"},{"ResortID":1,"ResortName":"Centrum"},{"ResortID":4,"ResortName":"Klaaskreek"},{"ResortID":7,"ResortName":"Kwakoegron"},{"ResortID":3,"ResortName":"Marchallkreek"},{"ResortID":120,"ResortName":"Onverwacht"},{"ResortID":125,"ResortName":"Oost"},{"ResortID":123,"ResortName":"Sabakoe"},{"ResortID":5,"ResortName":"Sarakreek"},{"ResortID":6,"ResortName":"Tapoeripa"},{"ResortID":121,"ResortName":"Zanderij"},{"ResortID":126,"ResortName":"Zuid"}]
[2025-06-07 18:31:42] Request: Array
(
    [district_id] => 8
)

[2025-06-07 18:31:42] Response: [{"ResortID":122,"ResortName":"Bigi Poika"},{"ResortID":2,"ResortName":"Brownsweg"},{"ResortID":124,"ResortName":"Carolina"},{"ResortID":1,"ResortName":"Centrum"},{"ResortID":4,"ResortName":"Klaaskreek"},{"ResortID":7,"ResortName":"Kwakoegron"},{"ResortID":3,"ResortName":"Marchallkreek"},{"ResortID":120,"ResortName":"Onverwacht"},{"ResortID":125,"ResortName":"Oost"},{"ResortID":123,"ResortName":"Sabakoe"},{"ResortID":5,"ResortName":"Sarakreek"},{"ResortID":6,"ResortName":"Tapoeripa"},{"ResortID":121,"ResortName":"Zanderij"},{"ResortID":126,"ResortName":"Zuid"}]
