[25-Apr-2025 09:41:01 America/Paramaribo] PHP Warning:  Undefined array key "Description" in C:\Users\lrano\OneDrive\Documents\Xamp\htdocs\E-Stem_Suriname\src\views\edit_candidate.php on line 209
[25-Apr-2025 09:41:01 America/Paramaribo] PHP Deprecated:  htmlspecialchars(): Passing null to parameter #1 ($string) of type string is deprecated in C:\Users\lrano\OneDrive\Documents\Xamp\htdocs\E-Stem_Suriname\src\views\edit_candidate.php on line 209
[25-Apr-2025 10:17:27 America/Paramaribo] Error fetching district statistics: SQLSTATE[HY093]: Invalid parameter number
[25-Apr-2025 10:20:25 America/Paramaribo] PHP Warning:  Undefined array key "ProfileImage" in C:\Users\lrano\OneDrive\Documents\Xamp\htdocs\E-Stem_Suriname\src\views\voters.php on line 199
[25-Apr-2025 10:22:36 America/Paramaribo] PHP Warning:  Undefined array key "ProfileImage" in C:\Users\lrano\OneDrive\Documents\Xamp\htdocs\E-Stem_Suriname\src\views\voters.php on line 199
[25-Apr-2025 10:35:27 America/Paramaribo] Database error: SQLSTATE[42S22]: Column not found: 1054 Unknown column 'ShowResults' in 'field list'
[04-May-2025 16:09:07 America/Paramaribo] PHP Warning:  Undefined variable $db_host in /var/www/html/E-Stem_Suriname/database/migrate_admins.php on line 6
[04-May-2025 16:09:07 America/Paramaribo] PHP Warning:  Undefined variable $db_name in /var/www/html/E-Stem_Suriname/database/migrate_admins.php on line 6
[04-May-2025 16:09:07 America/Paramaribo] PHP Warning:  Undefined variable $db_user in /var/www/html/E-Stem_Suriname/database/migrate_admins.php on line 6
[04-May-2025 16:09:07 America/Paramaribo] PHP Warning:  Undefined variable $db_pass in /var/www/html/E-Stem_Suriname/database/migrate_admins.php on line 6
[04-May-2025 16:09:55 America/Paramaribo] PHP Warning:  Undefined variable $db in /var/www/html/E-Stem_Suriname/database/migrate_admins.php on line 11
[04-May-2025 16:09:55 America/Paramaribo] PHP Fatal error:  Uncaught Error: Call to a member function query() on null in /var/www/html/E-Stem_Suriname/database/migrate_admins.php:11
Stack trace:
#0 {main}
  thrown in /var/www/html/E-Stem_Suriname/database/migrate_admins.php on line 11
[04-May-2025 17:45:11 America/Paramaribo] RequireAdminLogin - Current session ID: 
[04-May-2025 17:45:11 America/Paramaribo] RequireAdminLogin - Session status: Array
(
)

[04-May-2025 17:45:11 America/Paramaribo] Checking admin login status from: /src/views/candidates.php
[04-May-2025 17:45:11 America/Paramaribo] Checking admin login status
[04-May-2025 17:45:11 America/Paramaribo] Admin not logged in, redirecting to login
[04-May-2025 17:45:11 America/Paramaribo] PHP Warning:  Cannot modify header information - headers already sent by (output started at /var/www/html/E-Stem_Suriname/include/config.php:21) in /var/www/html/E-Stem_Suriname/include/admin_auth.php on line 61
[04-May-2025 17:47:31 America/Paramaribo] RequireAdminLogin - Current session ID: 
[04-May-2025 17:47:31 America/Paramaribo] RequireAdminLogin - Session status: Array
(
)

[04-May-2025 17:47:31 America/Paramaribo] Checking admin login status from: /src/views/candidates.php
[04-May-2025 17:47:31 America/Paramaribo] Checking admin login status
[04-May-2025 17:47:31 America/Paramaribo] Admin not logged in, redirecting to login
[04-May-2025 17:47:31 America/Paramaribo] PHP Warning:  Cannot modify header information - headers already sent by (output started at /var/www/html/E-Stem_Suriname/include/config.php:25) in /var/www/html/E-Stem_Suriname/include/admin_auth.php on line 61
[04-May-2025 18:17:36 America/Paramaribo] PHP Warning:  ini_set(): Session save handler &quot;user&quot; cannot be set by ini_set() in /var/www/html/E-Stem_Suriname/include/config.php on line 37
[04-May-2025 18:17:36 America/Paramaribo] PHP Warning:  session_set_save_handler(): Session save handler cannot be changed after headers have already been sent in /var/www/html/E-Stem_Suriname/include/config.php on line 115
[04-May-2025 18:17:36 America/Paramaribo] PHP Warning:  session_start(): Session cannot be started after headers have already been sent in /var/www/html/E-Stem_Suriname/include/config.php on line 124
[04-May-2025 18:17:36 America/Paramaribo] Bypassing admin login check for development
[04-May-2025 18:17:36 America/Paramaribo] Database error fetching candidates: SQLSTATE[42000]: Syntax error or access violation: 1055 Expression #10 of SELECT list is not in GROUP BY clause and contains nonaggregated column 'e-stem_suriname.p.PartyName' which is not functionally dependent on columns in GROUP BY clause; this is incompatible with sql_mode=only_full_group_by
[04-May-2025 18:17:36 America/Paramaribo] Checking admin login status
[04-May-2025 18:20:43 America/Paramaribo] PHP Warning:  ini_set(): Session save handler &quot;user&quot; cannot be set by ini_set() in /var/www/html/E-Stem_Suriname/include/config.php on line 37
[04-May-2025 18:20:43 America/Paramaribo] PHP Warning:  session_set_save_handler(): Session save handler cannot be changed after headers have already been sent in /var/www/html/E-Stem_Suriname/include/config.php on line 115
[04-May-2025 18:20:43 America/Paramaribo] PHP Warning:  session_start(): Session cannot be started after headers have already been sent in /var/www/html/E-Stem_Suriname/include/config.php on line 119
[04-May-2025 18:20:43 America/Paramaribo] Bypassing admin login check for development
[04-May-2025 18:20:43 America/Paramaribo] Database error fetching candidates: SQLSTATE[42000]: Syntax error or access violation: 1055 Expression #10 of SELECT list is not in GROUP BY clause and contains nonaggregated column 'e-stem_suriname.p.PartyName' which is not functionally dependent on columns in GROUP BY clause; this is incompatible with sql_mode=only_full_group_by
[04-May-2025 18:21:35 America/Paramaribo] PHP Warning:  ini_set(): Session save handler &quot;user&quot; cannot be set by ini_set() in /var/www/html/E-Stem_Suriname/include/config.php on line 37
[04-May-2025 18:21:35 America/Paramaribo] PHP Warning:  session_set_save_handler(): Session save handler cannot be changed after headers have already been sent in /var/www/html/E-Stem_Suriname/include/config.php on line 115
[04-May-2025 18:21:35 America/Paramaribo] PHP Warning:  session_start(): Session cannot be started after headers have already been sent in /var/www/html/E-Stem_Suriname/include/config.php on line 119
[04-May-2025 18:21:35 America/Paramaribo] Bypassing admin login check for development
[04-May-2025 18:21:35 America/Paramaribo] Database error fetching candidates: SQLSTATE[42000]: Syntax error or access violation: 1055 Expression #10 of SELECT list is not in GROUP BY clause and contains nonaggregated column 'e-stem_suriname.p.PartyName' which is not functionally dependent on columns in GROUP BY clause; this is incompatible with sql_mode=only_full_group_by
[04-May-2025 18:21:35 America/Paramaribo] PHP Warning:  ini_set(): Session ini settings cannot be changed after headers have already been sent in /var/www/html/E-Stem_Suriname/include/config.php on line 37
[04-May-2025 18:21:35 America/Paramaribo] PHP Warning:  session_set_save_handler(): Session save handler cannot be changed after headers have already been sent in /var/www/html/E-Stem_Suriname/include/config.php on line 115
[04-May-2025 18:21:35 America/Paramaribo] PHP Warning:  session_start(): Session cannot be started after headers have already been sent in /var/www/html/E-Stem_Suriname/include/config.php on line 119
[04-May-2025 18:29:23 America/Paramaribo] PHP Warning:  ini_set(): Session save handler &quot;user&quot; cannot be set by ini_set() in /var/www/html/E-Stem_Suriname/include/config.php on line 37
[04-May-2025 18:29:23 America/Paramaribo] PHP Warning:  ini_set(): Session ini settings cannot be changed after headers have already been sent in /var/www/html/E-Stem_Suriname/include/config.php on line 38
[04-May-2025 18:29:23 America/Paramaribo] PHP Warning:  ini_set(): Session ini settings cannot be changed after headers have already been sent in /var/www/html/E-Stem_Suriname/include/config.php on line 39
[04-May-2025 18:29:23 America/Paramaribo] PHP Warning:  ini_set(): Session ini settings cannot be changed after headers have already been sent in /var/www/html/E-Stem_Suriname/include/config.php on line 40
[04-May-2025 18:29:23 America/Paramaribo] PHP Warning:  ini_set(): Session ini settings cannot be changed after headers have already been sent in /var/www/html/E-Stem_Suriname/include/config.php on line 41
[04-May-2025 18:29:23 America/Paramaribo] PHP Warning:  ini_set(): Session ini settings cannot be changed after headers have already been sent in /var/www/html/E-Stem_Suriname/include/config.php on line 42
[04-May-2025 18:29:23 America/Paramaribo] PHP Warning:  ini_set(): Session ini settings cannot be changed after headers have already been sent in /var/www/html/E-Stem_Suriname/include/config.php on line 43
[04-May-2025 18:29:23 America/Paramaribo] PHP Warning:  session_set_save_handler(): Session save handler cannot be changed after headers have already been sent in /var/www/html/E-Stem_Suriname/include/config.php on line 121
[04-May-2025 18:29:23 America/Paramaribo] PHP Warning:  session_start(): Session cannot be started after headers have already been sent in /var/www/html/E-Stem_Suriname/include/config.php on line 125
[04-May-2025 18:29:23 America/Paramaribo] Bypassing admin login check for development
[04-May-2025 18:29:23 America/Paramaribo] Database error fetching candidates: SQLSTATE[42000]: Syntax error or access violation: 1055 Expression #10 of SELECT list is not in GROUP BY clause and contains nonaggregated column 'e-stem_suriname.p.PartyName' which is not functionally dependent on columns in GROUP BY clause; this is incompatible with sql_mode=only_full_group_by
[04-May-2025 18:30:46 America/Paramaribo] PHP Warning:  ini_set(): Session save handler &quot;user&quot; cannot be set by ini_set() in /var/www/html/E-Stem_Suriname/include/config.php on line 37
[04-May-2025 18:30:46 America/Paramaribo] PHP Warning:  ini_set(): Session ini settings cannot be changed after headers have already been sent in /var/www/html/E-Stem_Suriname/include/config.php on line 38
[04-May-2025 18:30:46 America/Paramaribo] PHP Warning:  ini_set(): Session ini settings cannot be changed after headers have already been sent in /var/www/html/E-Stem_Suriname/include/config.php on line 39
[04-May-2025 18:30:46 America/Paramaribo] PHP Warning:  ini_set(): Session ini settings cannot be changed after headers have already been sent in /var/www/html/E-Stem_Suriname/include/config.php on line 40
[04-May-2025 18:30:46 America/Paramaribo] PHP Warning:  ini_set(): Session ini settings cannot be changed after headers have already been sent in /var/www/html/E-Stem_Suriname/include/config.php on line 41
[04-May-2025 18:30:46 America/Paramaribo] PHP Warning:  ini_set(): Session ini settings cannot be changed after headers have already been sent in /var/www/html/E-Stem_Suriname/include/config.php on line 42
[04-May-2025 18:30:46 America/Paramaribo] PHP Warning:  ini_set(): Session ini settings cannot be changed after headers have already been sent in /var/www/html/E-Stem_Suriname/include/config.php on line 43
[04-May-2025 18:30:46 America/Paramaribo] PHP Warning:  session_set_save_handler(): Session save handler cannot be changed after headers have already been sent in /var/www/html/E-Stem_Suriname/include/config.php on line 121
[04-May-2025 18:30:46 America/Paramaribo] PHP Warning:  session_start(): Session cannot be started after headers have already been sent in /var/www/html/E-Stem_Suriname/include/config.php on line 125
[04-May-2025 18:30:46 America/Paramaribo] Bypassing admin login check for development
[04-May-2025 18:30:46 America/Paramaribo] Database error fetching candidates: SQLSTATE[42000]: Syntax error or access violation: 1055 Expression #10 of SELECT list is not in GROUP BY clause and contains nonaggregated column 'e-stem_suriname.p.PartyName' which is not functionally dependent on columns in GROUP BY clause; this is incompatible with sql_mode=only_full_group_by
[04-May-2025 18:30:46 America/Paramaribo] PHP Warning:  ini_set(): Session ini settings cannot be changed after headers have already been sent in /var/www/html/E-Stem_Suriname/include/config.php on line 37
[04-May-2025 18:30:46 America/Paramaribo] PHP Warning:  ini_set(): Session ini settings cannot be changed after headers have already been sent in /var/www/html/E-Stem_Suriname/include/config.php on line 38
[04-May-2025 18:30:46 America/Paramaribo] PHP Warning:  ini_set(): Session ini settings cannot be changed after headers have already been sent in /var/www/html/E-Stem_Suriname/include/config.php on line 39
[04-May-2025 18:30:46 America/Paramaribo] PHP Warning:  ini_set(): Session ini settings cannot be changed after headers have already been sent in /var/www/html/E-Stem_Suriname/include/config.php on line 40
[04-May-2025 18:30:46 America/Paramaribo] PHP Warning:  ini_set(): Session ini settings cannot be changed after headers have already been sent in /var/www/html/E-Stem_Suriname/include/config.php on line 41
[04-May-2025 18:30:46 America/Paramaribo] PHP Warning:  ini_set(): Session ini settings cannot be changed after headers have already been sent in /var/www/html/E-Stem_Suriname/include/config.php on line 42
[04-May-2025 18:30:46 America/Paramaribo] PHP Warning:  ini_set(): Session ini settings cannot be changed after headers have already been sent in /var/www/html/E-Stem_Suriname/include/config.php on line 43
[04-May-2025 18:30:46 America/Paramaribo] PHP Warning:  session_set_save_handler(): Session save handler cannot be changed after headers have already been sent in /var/www/html/E-Stem_Suriname/include/config.php on line 121
[04-May-2025 18:30:46 America/Paramaribo] PHP Warning:  session_start(): Session cannot be started after headers have already been sent in /var/www/html/E-Stem_Suriname/include/config.php on line 125
[04-May-2025 18:43:19 America/Paramaribo] PHP Warning:  ini_set(): Session save handler &quot;user&quot; cannot be set by ini_set() in /var/www/html/E-Stem_Suriname/include/config.php on line 43
[04-May-2025 18:43:19 America/Paramaribo] PHP Warning:  ini_set(): Session ini settings cannot be changed after headers have already been sent in /var/www/html/E-Stem_Suriname/include/config.php on line 44
[04-May-2025 18:43:19 America/Paramaribo] PHP Warning:  ini_set(): Session ini settings cannot be changed after headers have already been sent in /var/www/html/E-Stem_Suriname/include/config.php on line 45
[04-May-2025 18:43:19 America/Paramaribo] PHP Warning:  ini_set(): Session ini settings cannot be changed after headers have already been sent in /var/www/html/E-Stem_Suriname/include/config.php on line 46
[04-May-2025 18:43:19 America/Paramaribo] PHP Warning:  ini_set(): Session ini settings cannot be changed after headers have already been sent in /var/www/html/E-Stem_Suriname/include/config.php on line 47
[04-May-2025 18:43:19 America/Paramaribo] PHP Warning:  ini_set(): Session ini settings cannot be changed after headers have already been sent in /var/www/html/E-Stem_Suriname/include/config.php on line 48
[04-May-2025 18:43:19 America/Paramaribo] PHP Warning:  ini_set(): Session ini settings cannot be changed after headers have already been sent in /var/www/html/E-Stem_Suriname/include/config.php on line 49
[04-May-2025 18:43:19 America/Paramaribo] PHP Warning:  session_set_save_handler(): Session save handler cannot be changed after headers have already been sent in /var/www/html/E-Stem_Suriname/include/config.php on line 127
[04-May-2025 18:43:19 America/Paramaribo] PHP Warning:  session_start(): Session cannot be started after headers have already been sent in /var/www/html/E-Stem_Suriname/include/config.php on line 131
[04-May-2025 18:43:19 America/Paramaribo] Bypassing admin login check for development
[04-May-2025 18:43:19 America/Paramaribo] Database error fetching candidates: SQLSTATE[42000]: Syntax error or access violation: 1055 Expression #10 of SELECT list is not in GROUP BY clause and contains nonaggregated column 'e-stem_suriname.p.PartyName' which is not functionally dependent on columns in GROUP BY clause; this is incompatible with sql_mode=only_full_group_by
[04-May-2025 18:49:23 America/Paramaribo] PHP Warning:  ini_set(): Session save handler &quot;user&quot; cannot be set by ini_set() in /var/www/html/E-Stem_Suriname/include/config.php on line 43
[04-May-2025 18:49:23 America/Paramaribo] PHP Warning:  ini_set(): Session ini settings cannot be changed after headers have already been sent in /var/www/html/E-Stem_Suriname/include/config.php on line 44
[04-May-2025 18:49:23 America/Paramaribo] PHP Warning:  ini_set(): Session ini settings cannot be changed after headers have already been sent in /var/www/html/E-Stem_Suriname/include/config.php on line 45
[04-May-2025 18:49:23 America/Paramaribo] PHP Warning:  ini_set(): Session ini settings cannot be changed after headers have already been sent in /var/www/html/E-Stem_Suriname/include/config.php on line 46
[04-May-2025 18:49:23 America/Paramaribo] PHP Warning:  ini_set(): Session ini settings cannot be changed after headers have already been sent in /var/www/html/E-Stem_Suriname/include/config.php on line 47
[04-May-2025 18:49:23 America/Paramaribo] PHP Warning:  ini_set(): Session ini settings cannot be changed after headers have already been sent in /var/www/html/E-Stem_Suriname/include/config.php on line 48
[04-May-2025 18:49:23 America/Paramaribo] PHP Warning:  ini_set(): Session ini settings cannot be changed after headers have already been sent in /var/www/html/E-Stem_Suriname/include/config.php on line 49
[04-May-2025 18:49:23 America/Paramaribo] PHP Warning:  session_set_save_handler(): Session save handler cannot be changed after headers have already been sent in /var/www/html/E-Stem_Suriname/include/config.php on line 127
[04-May-2025 18:49:23 America/Paramaribo] PHP Warning:  session_start(): Session cannot be started after headers have already been sent in /var/www/html/E-Stem_Suriname/include/config.php on line 131
[04-May-2025 18:49:23 America/Paramaribo] Bypassing admin login check for development
[04-May-2025 18:49:23 America/Paramaribo] Database error fetching candidates: SQLSTATE[42000]: Syntax error or access violation: 1055 Expression #10 of SELECT list is not in GROUP BY clause and contains nonaggregated column 'e-stem_suriname.p.PartyName' which is not functionally dependent on columns in GROUP BY clause; this is incompatible with sql_mode=only_full_group_by
[04-May-2025 18:49:24 America/Paramaribo] PHP Warning:  ini_set(): Session ini settings cannot be changed after headers have already been sent in /var/www/html/E-Stem_Suriname/include/config.php on line 43
[04-May-2025 18:49:24 America/Paramaribo] PHP Warning:  ini_set(): Session ini settings cannot be changed after headers have already been sent in /var/www/html/E-Stem_Suriname/include/config.php on line 44
[04-May-2025 18:49:24 America/Paramaribo] PHP Warning:  ini_set(): Session ini settings cannot be changed after headers have already been sent in /var/www/html/E-Stem_Suriname/include/config.php on line 45
[04-May-2025 18:49:24 America/Paramaribo] PHP Warning:  ini_set(): Session ini settings cannot be changed after headers have already been sent in /var/www/html/E-Stem_Suriname/include/config.php on line 46
[04-May-2025 18:49:24 America/Paramaribo] PHP Warning:  ini_set(): Session ini settings cannot be changed after headers have already been sent in /var/www/html/E-Stem_Suriname/include/config.php on line 47
[04-May-2025 18:49:24 America/Paramaribo] PHP Warning:  ini_set(): Session ini settings cannot be changed after headers have already been sent in /var/www/html/E-Stem_Suriname/include/config.php on line 48
[04-May-2025 18:49:24 America/Paramaribo] PHP Warning:  ini_set(): Session ini settings cannot be changed after headers have already been sent in /var/www/html/E-Stem_Suriname/include/config.php on line 49
[04-May-2025 18:49:24 America/Paramaribo] PHP Warning:  session_set_save_handler(): Session save handler cannot be changed after headers have already been sent in /var/www/html/E-Stem_Suriname/include/config.php on line 127
[04-May-2025 18:49:24 America/Paramaribo] PHP Warning:  session_start(): Session cannot be started after headers have already been sent in /var/www/html/E-Stem_Suriname/include/config.php on line 131
[05-May-2025 09:31:48 America/Paramaribo] Current SQL Mode: Array
(
    [Variable_name] => sql_mode
    [Value] => ONLY_FULL_GROUP_BY,STRICT_TRANS_TABLES,NO_ZERO_IN_DATE,NO_ZERO_DATE,ERROR_FOR_DIVISION_BY_ZERO,NO_ENGINE_SUBSTITUTION
)

[06-May-2025 12:55:10 America/Paramaribo] Session open failed: SQLSTATE[HY000] [1045] Access denied for user 'admin'@'localhost' (using password: YES)
[06-May-2025 12:55:10 America/Paramaribo] PHP Warning:  session_start(): Failed to initialize storage module: user (path: /var/www/html/E-Stem_Suriname/var/sessions) in C:\xampp\htdocs\E-Stem_Suriname\include\config.php on line 132
[06-May-2025 12:55:11 America/Paramaribo] Database connection error: SQLSTATE[HY000] [1045] Access denied for user 'admin'@'localhost' (using password: YES)
[06-May-2025 12:55:38 America/Paramaribo] Session open failed: SQLSTATE[HY000] [1045] Access denied for user 'admin'@'localhost' (using password: YES)
[06-May-2025 12:55:38 America/Paramaribo] PHP Warning:  session_start(): Failed to initialize storage module: user (path: /var/www/html/E-Stem_Suriname/var/sessions) in C:\xampp\htdocs\E-Stem_Suriname\include\config.php on line 132
[06-May-2025 12:55:38 America/Paramaribo] Database connection error: SQLSTATE[HY000] [1045] Access denied for user 'admin'@'localhost' (using password: YES)
[06-May-2025 12:56:11 America/Paramaribo] Session open failed: SQLSTATE[HY000] [1045] Access denied for user 'admin'@'localhost' (using password: YES)
[06-May-2025 12:56:11 America/Paramaribo] PHP Warning:  session_start(): Failed to initialize storage module: user (path: /var/www/html/E-Stem_Suriname/var/sessions) in C:\xampp\htdocs\E-Stem_Suriname\include\config.php on line 132
[06-May-2025 12:56:16 America/Paramaribo] Session open failed: SQLSTATE[HY000] [1045] Access denied for user 'admin'@'localhost' (using password: YES)
[06-May-2025 12:56:16 America/Paramaribo] PHP Warning:  session_start(): Failed to initialize storage module: user (path: /var/www/html/E-Stem_Suriname/var/sessions) in C:\xampp\htdocs\E-Stem_Suriname\include\config.php on line 132
[06-May-2025 12:58:10 America/Paramaribo] Session open failed: SQLSTATE[HY000] [1045] Access denied for user 'admin'@'localhost' (using password: YES)
[06-May-2025 12:58:10 America/Paramaribo] PHP Warning:  session_start(): Failed to initialize storage module: user (path: /var/www/html/E-Stem_Suriname/var/sessions) in C:\xampp\htdocs\E-Stem_Suriname\include\config.php on line 132
[06-May-2025 12:58:10 America/Paramaribo] Database connection error: SQLSTATE[HY000] [1045] Access denied for user 'admin'@'localhost' (using password: YES)
[06-May-2025 12:58:45 America/Paramaribo] Session open failed: SQLSTATE[HY000] [1045] Access denied for user 'admin'@'localhost' (using password: YES)
[06-May-2025 12:58:45 America/Paramaribo] PHP Warning:  session_start(): Failed to initialize storage module: user (path: /var/www/html/E-Stem_Suriname/var/sessions) in C:\xampp\htdocs\E-Stem_Suriname\include\config.php on line 132
[06-May-2025 12:58:45 America/Paramaribo] Database connection error: SQLSTATE[HY000] [1045] Access denied for user 'admin'@'localhost' (using password: YES)
[06-May-2025 12:59:18 America/Paramaribo] Session open failed: SQLSTATE[HY000] [1045] Access denied for user 'admin'@'localhost' (using password: YES)
[06-May-2025 12:59:18 America/Paramaribo] PHP Warning:  session_start(): Failed to initialize storage module: user (path: /var/www/html/E-Stem_Suriname/var/sessions) in C:\xampp\htdocs\E-Stem_Suriname\include\config.php on line 132
[06-May-2025 12:59:18 America/Paramaribo] Database connection error: SQLSTATE[HY000] [1045] Access denied for user 'admin'@'localhost' (using password: YES)
[06-May-2025 13:17:51 America/Paramaribo] Session open failed: SQLSTATE[HY000] [1045] Access denied for user 'admin'@'localhost' (using password: YES)
[06-May-2025 13:17:51 America/Paramaribo] PHP Warning:  session_start(): Failed to initialize storage module: user (path: /var/www/html/E-Stem_Suriname/var/sessions) in C:\xampp\htdocs\E-Stem_Suriname\include\config.php on line 132
[06-May-2025 13:17:51 America/Paramaribo] Database connection error: SQLSTATE[HY000] [1045] Access denied for user 'admin'@'localhost' (using password: YES)
[06-May-2025 13:18:29 America/Paramaribo] Session open failed: SQLSTATE[HY000] [1045] Access denied for user 'admin'@'localhost' (using password: YES)
[06-May-2025 13:18:29 America/Paramaribo] PHP Warning:  session_start(): Failed to initialize storage module: user (path: /var/www/html/E-Stem_Suriname/var/sessions) in C:\xampp\htdocs\E-Stem_Suriname\include\config.php on line 132
[06-May-2025 13:18:30 America/Paramaribo] Database connection error: SQLSTATE[HY000] [1045] Access denied for user 'admin'@'localhost' (using password: YES)
[06-May-2025 13:18:31 America/Paramaribo] Session open failed: SQLSTATE[HY000] [1045] Access denied for user 'admin'@'localhost' (using password: YES)
[06-May-2025 13:18:31 America/Paramaribo] PHP Warning:  session_start(): Failed to initialize storage module: user (path: /var/www/html/E-Stem_Suriname/var/sessions) in C:\xampp\htdocs\E-Stem_Suriname\include\config.php on line 132
[06-May-2025 13:18:31 America/Paramaribo] Database connection error: SQLSTATE[HY000] [1045] Access denied for user 'admin'@'localhost' (using password: YES)
[25-May-2025 17:30:38 America/Paramaribo] PHP Deprecated:  str_getcsv(): the $escape parameter must be provided as its default value will change in /var/www/html/E-Stem_Suriname/src/controllers/ImportController.php on line 19
[25-May-2025 17:30:38 America/Paramaribo] PHP Deprecated:  str_getcsv(): the $escape parameter must be provided as its default value will change in /var/www/html/E-Stem_Suriname/src/controllers/ImportController.php on line 19
[25-May-2025 17:30:38 America/Paramaribo] PHP Deprecated:  str_getcsv(): the $escape parameter must be provided as its default value will change in /var/www/html/E-Stem_Suriname/src/controllers/ImportController.php on line 19
[25-May-2025 17:30:38 America/Paramaribo] PHP Deprecated:  str_getcsv(): the $escape parameter must be provided as its default value will change in /var/www/html/E-Stem_Suriname/src/controllers/ImportController.php on line 19
[25-May-2025 17:30:38 America/Paramaribo] PHP Deprecated:  str_getcsv(): the $escape parameter must be provided as its default value will change in /var/www/html/E-Stem_Suriname/src/controllers/ImportController.php on line 19
[25-May-2025 17:30:38 America/Paramaribo] PHP Deprecated:  str_getcsv(): the $escape parameter must be provided as its default value will change in /var/www/html/E-Stem_Suriname/src/controllers/ImportController.php on line 19
[25-May-2025 17:30:38 America/Paramaribo] PHP Deprecated:  str_getcsv(): the $escape parameter must be provided as its default value will change in /var/www/html/E-Stem_Suriname/src/controllers/ImportController.php on line 19
[25-May-2025 17:30:38 America/Paramaribo] PHP Deprecated:  str_getcsv(): the $escape parameter must be provided as its default value will change in /var/www/html/E-Stem_Suriname/src/controllers/ImportController.php on line 19
[25-May-2025 17:30:38 America/Paramaribo] PHP Deprecated:  str_getcsv(): the $escape parameter must be provided as its default value will change in /var/www/html/E-Stem_Suriname/src/controllers/ImportController.php on line 19
[25-May-2025 17:30:38 America/Paramaribo] PHP Deprecated:  str_getcsv(): the $escape parameter must be provided as its default value will change in /var/www/html/E-Stem_Suriname/src/controllers/ImportController.php on line 19
[25-May-2025 17:30:38 America/Paramaribo] PHP Deprecated:  str_getcsv(): the $escape parameter must be provided as its default value will change in /var/www/html/E-Stem_Suriname/src/controllers/ImportController.php on line 19
[25-May-2025 17:30:38 America/Paramaribo] PHP Deprecated:  str_getcsv(): the $escape parameter must be provided as its default value will change in /var/www/html/E-Stem_Suriname/src/controllers/ImportController.php on line 19
[25-May-2025 17:30:38 America/Paramaribo] PHP Deprecated:  str_getcsv(): the $escape parameter must be provided as its default value will change in /var/www/html/E-Stem_Suriname/src/controllers/ImportController.php on line 19
[25-May-2025 17:30:38 America/Paramaribo] PHP Deprecated:  str_getcsv(): the $escape parameter must be provided as its default value will change in /var/www/html/E-Stem_Suriname/src/controllers/ImportController.php on line 19
[25-May-2025 17:30:38 America/Paramaribo] PHP Deprecated:  str_getcsv(): the $escape parameter must be provided as its default value will change in /var/www/html/E-Stem_Suriname/src/controllers/ImportController.php on line 19
[25-May-2025 17:30:38 America/Paramaribo] PHP Deprecated:  str_getcsv(): the $escape parameter must be provided as its default value will change in /var/www/html/E-Stem_Suriname/src/controllers/ImportController.php on line 19
[25-May-2025 17:33:15 America/Paramaribo] PHP Deprecated:  str_getcsv(): the $escape parameter must be provided as its default value will change in /var/www/html/E-Stem_Suriname/src/controllers/ImportController.php on line 19
[25-May-2025 17:33:15 America/Paramaribo] PHP Deprecated:  str_getcsv(): the $escape parameter must be provided as its default value will change in /var/www/html/E-Stem_Suriname/src/controllers/ImportController.php on line 19
[25-May-2025 17:33:15 America/Paramaribo] PHP Deprecated:  str_getcsv(): the $escape parameter must be provided as its default value will change in /var/www/html/E-Stem_Suriname/src/controllers/ImportController.php on line 19
[25-May-2025 17:33:15 America/Paramaribo] PHP Deprecated:  str_getcsv(): the $escape parameter must be provided as its default value will change in /var/www/html/E-Stem_Suriname/src/controllers/ImportController.php on line 19
[25-May-2025 17:33:15 America/Paramaribo] PHP Deprecated:  str_getcsv(): the $escape parameter must be provided as its default value will change in /var/www/html/E-Stem_Suriname/src/controllers/ImportController.php on line 19
[25-May-2025 17:33:15 America/Paramaribo] PHP Deprecated:  str_getcsv(): the $escape parameter must be provided as its default value will change in /var/www/html/E-Stem_Suriname/src/controllers/ImportController.php on line 19
[25-May-2025 17:33:15 America/Paramaribo] PHP Deprecated:  str_getcsv(): the $escape parameter must be provided as its default value will change in /var/www/html/E-Stem_Suriname/src/controllers/ImportController.php on line 19
[25-May-2025 17:33:15 America/Paramaribo] PHP Deprecated:  str_getcsv(): the $escape parameter must be provided as its default value will change in /var/www/html/E-Stem_Suriname/src/controllers/ImportController.php on line 19
[25-May-2025 17:33:15 America/Paramaribo] PHP Deprecated:  str_getcsv(): the $escape parameter must be provided as its default value will change in /var/www/html/E-Stem_Suriname/src/controllers/ImportController.php on line 19
[25-May-2025 17:33:15 America/Paramaribo] PHP Deprecated:  str_getcsv(): the $escape parameter must be provided as its default value will change in /var/www/html/E-Stem_Suriname/src/controllers/ImportController.php on line 19
[25-May-2025 17:33:15 America/Paramaribo] PHP Deprecated:  str_getcsv(): the $escape parameter must be provided as its default value will change in /var/www/html/E-Stem_Suriname/src/controllers/ImportController.php on line 19
[25-May-2025 17:33:15 America/Paramaribo] PHP Deprecated:  str_getcsv(): the $escape parameter must be provided as its default value will change in /var/www/html/E-Stem_Suriname/src/controllers/ImportController.php on line 19
[25-May-2025 17:33:15 America/Paramaribo] PHP Deprecated:  str_getcsv(): the $escape parameter must be provided as its default value will change in /var/www/html/E-Stem_Suriname/src/controllers/ImportController.php on line 19
[25-May-2025 17:33:15 America/Paramaribo] PHP Deprecated:  str_getcsv(): the $escape parameter must be provided as its default value will change in /var/www/html/E-Stem_Suriname/src/controllers/ImportController.php on line 19
[25-May-2025 17:33:15 America/Paramaribo] PHP Deprecated:  str_getcsv(): the $escape parameter must be provided as its default value will change in /var/www/html/E-Stem_Suriname/src/controllers/ImportController.php on line 19
[25-May-2025 17:33:15 America/Paramaribo] PHP Deprecated:  str_getcsv(): the $escape parameter must be provided as its default value will change in /var/www/html/E-Stem_Suriname/src/controllers/ImportController.php on line 19
[25-May-2025 17:35:24 America/Paramaribo] PHP Deprecated:  str_getcsv(): the $escape parameter must be provided as its default value will change in /var/www/html/E-Stem_Suriname/src/controllers/ImportController.php on line 19
[25-May-2025 17:35:24 America/Paramaribo] PHP Deprecated:  str_getcsv(): the $escape parameter must be provided as its default value will change in /var/www/html/E-Stem_Suriname/src/controllers/ImportController.php on line 19
[25-May-2025 17:35:24 America/Paramaribo] PHP Deprecated:  str_getcsv(): the $escape parameter must be provided as its default value will change in /var/www/html/E-Stem_Suriname/src/controllers/ImportController.php on line 19
[25-May-2025 17:35:24 America/Paramaribo] PHP Deprecated:  str_getcsv(): the $escape parameter must be provided as its default value will change in /var/www/html/E-Stem_Suriname/src/controllers/ImportController.php on line 19
[25-May-2025 17:35:24 America/Paramaribo] PHP Deprecated:  str_getcsv(): the $escape parameter must be provided as its default value will change in /var/www/html/E-Stem_Suriname/src/controllers/ImportController.php on line 19
[25-May-2025 17:35:24 America/Paramaribo] PHP Deprecated:  str_getcsv(): the $escape parameter must be provided as its default value will change in /var/www/html/E-Stem_Suriname/src/controllers/ImportController.php on line 19
[25-May-2025 17:35:24 America/Paramaribo] PHP Deprecated:  str_getcsv(): the $escape parameter must be provided as its default value will change in /var/www/html/E-Stem_Suriname/src/controllers/ImportController.php on line 19
[25-May-2025 17:35:24 America/Paramaribo] PHP Deprecated:  str_getcsv(): the $escape parameter must be provided as its default value will change in /var/www/html/E-Stem_Suriname/src/controllers/ImportController.php on line 19
[25-May-2025 17:35:24 America/Paramaribo] PHP Deprecated:  str_getcsv(): the $escape parameter must be provided as its default value will change in /var/www/html/E-Stem_Suriname/src/controllers/ImportController.php on line 19
[25-May-2025 17:35:24 America/Paramaribo] PHP Deprecated:  str_getcsv(): the $escape parameter must be provided as its default value will change in /var/www/html/E-Stem_Suriname/src/controllers/ImportController.php on line 19
[25-May-2025 17:35:24 America/Paramaribo] PHP Deprecated:  str_getcsv(): the $escape parameter must be provided as its default value will change in /var/www/html/E-Stem_Suriname/src/controllers/ImportController.php on line 19
[25-May-2025 17:35:24 America/Paramaribo] PHP Deprecated:  str_getcsv(): the $escape parameter must be provided as its default value will change in /var/www/html/E-Stem_Suriname/src/controllers/ImportController.php on line 19
[25-May-2025 17:35:24 America/Paramaribo] PHP Deprecated:  str_getcsv(): the $escape parameter must be provided as its default value will change in /var/www/html/E-Stem_Suriname/src/controllers/ImportController.php on line 19
[25-May-2025 17:35:24 America/Paramaribo] PHP Deprecated:  str_getcsv(): the $escape parameter must be provided as its default value will change in /var/www/html/E-Stem_Suriname/src/controllers/ImportController.php on line 19
[25-May-2025 17:35:24 America/Paramaribo] PHP Deprecated:  str_getcsv(): the $escape parameter must be provided as its default value will change in /var/www/html/E-Stem_Suriname/src/controllers/ImportController.php on line 19
[25-May-2025 17:35:24 America/Paramaribo] PHP Deprecated:  str_getcsv(): the $escape parameter must be provided as its default value will change in /var/www/html/E-Stem_Suriname/src/controllers/ImportController.php on line 19
[25-May-2025 18:27:02 America/Paramaribo] PHP Deprecated:  str_getcsv(): the $escape parameter must be provided as its default value will change in /var/www/html/E-Stem_Suriname/src/controllers/ImportController.php on line 46
[25-May-2025 18:27:02 America/Paramaribo] PHP Deprecated:  str_getcsv(): the $escape parameter must be provided as its default value will change in /var/www/html/E-Stem_Suriname/src/controllers/ImportController.php on line 46
[25-May-2025 18:27:02 America/Paramaribo] PHP Deprecated:  str_getcsv(): the $escape parameter must be provided as its default value will change in /var/www/html/E-Stem_Suriname/src/controllers/ImportController.php on line 46
[25-May-2025 18:27:02 America/Paramaribo] PHP Deprecated:  str_getcsv(): the $escape parameter must be provided as its default value will change in /var/www/html/E-Stem_Suriname/src/controllers/ImportController.php on line 46
[25-May-2025 18:27:02 America/Paramaribo] PHP Deprecated:  str_getcsv(): the $escape parameter must be provided as its default value will change in /var/www/html/E-Stem_Suriname/src/controllers/ImportController.php on line 46
[25-May-2025 18:27:02 America/Paramaribo] PHP Deprecated:  str_getcsv(): the $escape parameter must be provided as its default value will change in /var/www/html/E-Stem_Suriname/src/controllers/ImportController.php on line 46
[25-May-2025 18:27:02 America/Paramaribo] PHP Deprecated:  str_getcsv(): the $escape parameter must be provided as its default value will change in /var/www/html/E-Stem_Suriname/src/controllers/ImportController.php on line 46
[25-May-2025 18:27:02 America/Paramaribo] PHP Deprecated:  str_getcsv(): the $escape parameter must be provided as its default value will change in /var/www/html/E-Stem_Suriname/src/controllers/ImportController.php on line 46
[25-May-2025 18:27:02 America/Paramaribo] PHP Deprecated:  str_getcsv(): the $escape parameter must be provided as its default value will change in /var/www/html/E-Stem_Suriname/src/controllers/ImportController.php on line 46
[25-May-2025 18:27:02 America/Paramaribo] PHP Deprecated:  str_getcsv(): the $escape parameter must be provided as its default value will change in /var/www/html/E-Stem_Suriname/src/controllers/ImportController.php on line 46
[25-May-2025 18:27:02 America/Paramaribo] PHP Deprecated:  str_getcsv(): the $escape parameter must be provided as its default value will change in /var/www/html/E-Stem_Suriname/src/controllers/ImportController.php on line 46
[25-May-2025 18:27:02 America/Paramaribo] PHP Deprecated:  str_getcsv(): the $escape parameter must be provided as its default value will change in /var/www/html/E-Stem_Suriname/src/controllers/ImportController.php on line 46
[25-May-2025 18:27:02 America/Paramaribo] PHP Deprecated:  str_getcsv(): the $escape parameter must be provided as its default value will change in /var/www/html/E-Stem_Suriname/src/controllers/ImportController.php on line 46
[25-May-2025 18:27:02 America/Paramaribo] PHP Deprecated:  str_getcsv(): the $escape parameter must be provided as its default value will change in /var/www/html/E-Stem_Suriname/src/controllers/ImportController.php on line 46
[25-May-2025 18:27:02 America/Paramaribo] PHP Deprecated:  str_getcsv(): the $escape parameter must be provided as its default value will change in /var/www/html/E-Stem_Suriname/src/controllers/ImportController.php on line 46
[25-May-2025 18:27:02 America/Paramaribo] PHP Deprecated:  str_getcsv(): the $escape parameter must be provided as its default value will change in /var/www/html/E-Stem_Suriname/src/controllers/ImportController.php on line 46
[25-May-2025 18:27:02 America/Paramaribo] PHP Deprecated:  str_getcsv(): the $escape parameter must be provided as its default value will change in /var/www/html/E-Stem_Suriname/src/controllers/ImportController.php on line 46
[25-May-2025 18:27:02 America/Paramaribo] PHP Deprecated:  str_getcsv(): the $escape parameter must be provided as its default value will change in /var/www/html/E-Stem_Suriname/src/controllers/ImportController.php on line 46
[25-May-2025 18:27:02 America/Paramaribo] PHP Deprecated:  str_getcsv(): the $escape parameter must be provided as its default value will change in /var/www/html/E-Stem_Suriname/src/controllers/ImportController.php on line 46
[25-May-2025 18:27:02 America/Paramaribo] PHP Deprecated:  str_getcsv(): the $escape parameter must be provided as its default value will change in /var/www/html/E-Stem_Suriname/src/controllers/ImportController.php on line 46
[25-May-2025 18:27:02 America/Paramaribo] PHP Deprecated:  str_getcsv(): the $escape parameter must be provided as its default value will change in /var/www/html/E-Stem_Suriname/src/controllers/ImportController.php on line 46
[25-May-2025 18:27:02 America/Paramaribo] PHP Deprecated:  str_getcsv(): the $escape parameter must be provided as its default value will change in /var/www/html/E-Stem_Suriname/src/controllers/ImportController.php on line 46
[25-May-2025 18:27:02 America/Paramaribo] PHP Deprecated:  str_getcsv(): the $escape parameter must be provided as its default value will change in /var/www/html/E-Stem_Suriname/src/controllers/ImportController.php on line 46
[25-May-2025 18:27:02 America/Paramaribo] PHP Deprecated:  str_getcsv(): the $escape parameter must be provided as its default value will change in /var/www/html/E-Stem_Suriname/src/controllers/ImportController.php on line 46
[25-May-2025 18:27:02 America/Paramaribo] PHP Deprecated:  str_getcsv(): the $escape parameter must be provided as its default value will change in /var/www/html/E-Stem_Suriname/src/controllers/ImportController.php on line 46
[25-May-2025 18:27:02 America/Paramaribo] PHP Deprecated:  str_getcsv(): the $escape parameter must be provided as its default value will change in /var/www/html/E-Stem_Suriname/src/controllers/ImportController.php on line 46
[25-May-2025 18:27:02 America/Paramaribo] PHP Deprecated:  str_getcsv(): the $escape parameter must be provided as its default value will change in /var/www/html/E-Stem_Suriname/src/controllers/ImportController.php on line 46
[25-May-2025 18:27:02 America/Paramaribo] PHP Deprecated:  str_getcsv(): the $escape parameter must be provided as its default value will change in /var/www/html/E-Stem_Suriname/src/controllers/ImportController.php on line 46
[25-May-2025 18:27:02 America/Paramaribo] PHP Deprecated:  str_getcsv(): the $escape parameter must be provided as its default value will change in /var/www/html/E-Stem_Suriname/src/controllers/ImportController.php on line 46
[25-May-2025 18:27:02 America/Paramaribo] PHP Deprecated:  str_getcsv(): the $escape parameter must be provided as its default value will change in /var/www/html/E-Stem_Suriname/src/controllers/ImportController.php on line 46
[25-May-2025 18:27:02 America/Paramaribo] PHP Deprecated:  str_getcsv(): the $escape parameter must be provided as its default value will change in /var/www/html/E-Stem_Suriname/src/controllers/ImportController.php on line 46
[25-May-2025 18:27:02 America/Paramaribo] PHP Deprecated:  str_getcsv(): the $escape parameter must be provided as its default value will change in /var/www/html/E-Stem_Suriname/src/controllers/ImportController.php on line 46
[25-May-2025 18:27:02 America/Paramaribo] PHP Deprecated:  str_getcsv(): the $escape parameter must be provided as its default value will change in /var/www/html/E-Stem_Suriname/src/controllers/ImportController.php on line 46
[25-May-2025 18:27:02 America/Paramaribo] PHP Deprecated:  str_getcsv(): the $escape parameter must be provided as its default value will change in /var/www/html/E-Stem_Suriname/src/controllers/ImportController.php on line 46
[25-May-2025 18:27:02 America/Paramaribo] PHP Deprecated:  str_getcsv(): the $escape parameter must be provided as its default value will change in /var/www/html/E-Stem_Suriname/src/controllers/ImportController.php on line 46
[25-May-2025 18:27:02 America/Paramaribo] PHP Deprecated:  str_getcsv(): the $escape parameter must be provided as its default value will change in /var/www/html/E-Stem_Suriname/src/controllers/ImportController.php on line 46
[25-May-2025 18:27:02 America/Paramaribo] PHP Deprecated:  str_getcsv(): the $escape parameter must be provided as its default value will change in /var/www/html/E-Stem_Suriname/src/controllers/ImportController.php on line 46
[25-May-2025 18:27:02 America/Paramaribo] PHP Deprecated:  str_getcsv(): the $escape parameter must be provided as its default value will change in /var/www/html/E-Stem_Suriname/src/controllers/ImportController.php on line 46
[25-May-2025 18:27:02 America/Paramaribo] PHP Deprecated:  str_getcsv(): the $escape parameter must be provided as its default value will change in /var/www/html/E-Stem_Suriname/src/controllers/ImportController.php on line 46
[25-May-2025 18:27:02 America/Paramaribo] PHP Deprecated:  str_getcsv(): the $escape parameter must be provided as its default value will change in /var/www/html/E-Stem_Suriname/src/controllers/ImportController.php on line 46
[25-May-2025 18:27:02 America/Paramaribo] PHP Deprecated:  str_getcsv(): the $escape parameter must be provided as its default value will change in /var/www/html/E-Stem_Suriname/src/controllers/ImportController.php on line 46
[25-May-2025 18:27:02 America/Paramaribo] PHP Deprecated:  str_getcsv(): the $escape parameter must be provided as its default value will change in /var/www/html/E-Stem_Suriname/src/controllers/ImportController.php on line 46
[25-May-2025 18:27:42 America/Paramaribo] PHP Deprecated:  str_getcsv(): the $escape parameter must be provided as its default value will change in /var/www/html/E-Stem_Suriname/src/controllers/ImportController.php on line 46
[25-May-2025 18:27:42 America/Paramaribo] PHP Deprecated:  str_getcsv(): the $escape parameter must be provided as its default value will change in /var/www/html/E-Stem_Suriname/src/controllers/ImportController.php on line 46
[25-May-2025 18:27:42 America/Paramaribo] PHP Deprecated:  str_getcsv(): the $escape parameter must be provided as its default value will change in /var/www/html/E-Stem_Suriname/src/controllers/ImportController.php on line 46
[25-May-2025 18:27:42 America/Paramaribo] PHP Deprecated:  str_getcsv(): the $escape parameter must be provided as its default value will change in /var/www/html/E-Stem_Suriname/src/controllers/ImportController.php on line 46
[25-May-2025 18:27:42 America/Paramaribo] PHP Deprecated:  str_getcsv(): the $escape parameter must be provided as its default value will change in /var/www/html/E-Stem_Suriname/src/controllers/ImportController.php on line 46
[25-May-2025 18:27:42 America/Paramaribo] PHP Deprecated:  str_getcsv(): the $escape parameter must be provided as its default value will change in /var/www/html/E-Stem_Suriname/src/controllers/ImportController.php on line 46
[25-May-2025 18:27:42 America/Paramaribo] PHP Deprecated:  str_getcsv(): the $escape parameter must be provided as its default value will change in /var/www/html/E-Stem_Suriname/src/controllers/ImportController.php on line 46
[25-May-2025 18:27:42 America/Paramaribo] PHP Deprecated:  str_getcsv(): the $escape parameter must be provided as its default value will change in /var/www/html/E-Stem_Suriname/src/controllers/ImportController.php on line 46
[25-May-2025 18:27:42 America/Paramaribo] PHP Deprecated:  str_getcsv(): the $escape parameter must be provided as its default value will change in /var/www/html/E-Stem_Suriname/src/controllers/ImportController.php on line 46
[25-May-2025 18:27:42 America/Paramaribo] PHP Deprecated:  str_getcsv(): the $escape parameter must be provided as its default value will change in /var/www/html/E-Stem_Suriname/src/controllers/ImportController.php on line 46
[25-May-2025 18:27:42 America/Paramaribo] PHP Deprecated:  str_getcsv(): the $escape parameter must be provided as its default value will change in /var/www/html/E-Stem_Suriname/src/controllers/ImportController.php on line 46
[25-May-2025 18:27:42 America/Paramaribo] PHP Deprecated:  str_getcsv(): the $escape parameter must be provided as its default value will change in /var/www/html/E-Stem_Suriname/src/controllers/ImportController.php on line 46
[25-May-2025 18:27:42 America/Paramaribo] PHP Deprecated:  str_getcsv(): the $escape parameter must be provided as its default value will change in /var/www/html/E-Stem_Suriname/src/controllers/ImportController.php on line 46
[25-May-2025 18:27:42 America/Paramaribo] PHP Deprecated:  str_getcsv(): the $escape parameter must be provided as its default value will change in /var/www/html/E-Stem_Suriname/src/controllers/ImportController.php on line 46
[25-May-2025 18:27:42 America/Paramaribo] PHP Deprecated:  str_getcsv(): the $escape parameter must be provided as its default value will change in /var/www/html/E-Stem_Suriname/src/controllers/ImportController.php on line 46
[25-May-2025 18:27:42 America/Paramaribo] PHP Deprecated:  str_getcsv(): the $escape parameter must be provided as its default value will change in /var/www/html/E-Stem_Suriname/src/controllers/ImportController.php on line 46
[25-May-2025 18:27:42 America/Paramaribo] PHP Deprecated:  str_getcsv(): the $escape parameter must be provided as its default value will change in /var/www/html/E-Stem_Suriname/src/controllers/ImportController.php on line 46
[25-May-2025 18:27:42 America/Paramaribo] PHP Deprecated:  str_getcsv(): the $escape parameter must be provided as its default value will change in /var/www/html/E-Stem_Suriname/src/controllers/ImportController.php on line 46
[25-May-2025 18:27:42 America/Paramaribo] PHP Deprecated:  str_getcsv(): the $escape parameter must be provided as its default value will change in /var/www/html/E-Stem_Suriname/src/controllers/ImportController.php on line 46
[25-May-2025 18:27:42 America/Paramaribo] PHP Deprecated:  str_getcsv(): the $escape parameter must be provided as its default value will change in /var/www/html/E-Stem_Suriname/src/controllers/ImportController.php on line 46
[25-May-2025 18:27:42 America/Paramaribo] PHP Deprecated:  str_getcsv(): the $escape parameter must be provided as its default value will change in /var/www/html/E-Stem_Suriname/src/controllers/ImportController.php on line 46
[25-May-2025 18:27:42 America/Paramaribo] PHP Deprecated:  str_getcsv(): the $escape parameter must be provided as its default value will change in /var/www/html/E-Stem_Suriname/src/controllers/ImportController.php on line 46
[25-May-2025 18:27:42 America/Paramaribo] PHP Deprecated:  str_getcsv(): the $escape parameter must be provided as its default value will change in /var/www/html/E-Stem_Suriname/src/controllers/ImportController.php on line 46
[25-May-2025 18:27:42 America/Paramaribo] PHP Deprecated:  str_getcsv(): the $escape parameter must be provided as its default value will change in /var/www/html/E-Stem_Suriname/src/controllers/ImportController.php on line 46
[25-May-2025 18:27:42 America/Paramaribo] PHP Deprecated:  str_getcsv(): the $escape parameter must be provided as its default value will change in /var/www/html/E-Stem_Suriname/src/controllers/ImportController.php on line 46
[25-May-2025 18:27:42 America/Paramaribo] PHP Deprecated:  str_getcsv(): the $escape parameter must be provided as its default value will change in /var/www/html/E-Stem_Suriname/src/controllers/ImportController.php on line 46
[25-May-2025 18:27:42 America/Paramaribo] PHP Deprecated:  str_getcsv(): the $escape parameter must be provided as its default value will change in /var/www/html/E-Stem_Suriname/src/controllers/ImportController.php on line 46
[25-May-2025 18:27:42 America/Paramaribo] PHP Deprecated:  str_getcsv(): the $escape parameter must be provided as its default value will change in /var/www/html/E-Stem_Suriname/src/controllers/ImportController.php on line 46
[25-May-2025 18:27:42 America/Paramaribo] PHP Deprecated:  str_getcsv(): the $escape parameter must be provided as its default value will change in /var/www/html/E-Stem_Suriname/src/controllers/ImportController.php on line 46
[25-May-2025 18:27:42 America/Paramaribo] PHP Deprecated:  str_getcsv(): the $escape parameter must be provided as its default value will change in /var/www/html/E-Stem_Suriname/src/controllers/ImportController.php on line 46
[25-May-2025 18:27:42 America/Paramaribo] PHP Deprecated:  str_getcsv(): the $escape parameter must be provided as its default value will change in /var/www/html/E-Stem_Suriname/src/controllers/ImportController.php on line 46
[25-May-2025 18:27:42 America/Paramaribo] PHP Deprecated:  str_getcsv(): the $escape parameter must be provided as its default value will change in /var/www/html/E-Stem_Suriname/src/controllers/ImportController.php on line 46
[25-May-2025 18:27:42 America/Paramaribo] PHP Deprecated:  str_getcsv(): the $escape parameter must be provided as its default value will change in /var/www/html/E-Stem_Suriname/src/controllers/ImportController.php on line 46
[25-May-2025 18:27:42 America/Paramaribo] PHP Deprecated:  str_getcsv(): the $escape parameter must be provided as its default value will change in /var/www/html/E-Stem_Suriname/src/controllers/ImportController.php on line 46
[25-May-2025 18:27:42 America/Paramaribo] PHP Deprecated:  str_getcsv(): the $escape parameter must be provided as its default value will change in /var/www/html/E-Stem_Suriname/src/controllers/ImportController.php on line 46
[25-May-2025 18:27:42 America/Paramaribo] PHP Deprecated:  str_getcsv(): the $escape parameter must be provided as its default value will change in /var/www/html/E-Stem_Suriname/src/controllers/ImportController.php on line 46
[25-May-2025 18:27:42 America/Paramaribo] PHP Deprecated:  str_getcsv(): the $escape parameter must be provided as its default value will change in /var/www/html/E-Stem_Suriname/src/controllers/ImportController.php on line 46
[25-May-2025 18:27:42 America/Paramaribo] PHP Deprecated:  str_getcsv(): the $escape parameter must be provided as its default value will change in /var/www/html/E-Stem_Suriname/src/controllers/ImportController.php on line 46
[25-May-2025 18:27:42 America/Paramaribo] PHP Deprecated:  str_getcsv(): the $escape parameter must be provided as its default value will change in /var/www/html/E-Stem_Suriname/src/controllers/ImportController.php on line 46
[25-May-2025 18:27:42 America/Paramaribo] PHP Deprecated:  str_getcsv(): the $escape parameter must be provided as its default value will change in /var/www/html/E-Stem_Suriname/src/controllers/ImportController.php on line 46
[25-May-2025 18:27:42 America/Paramaribo] PHP Deprecated:  str_getcsv(): the $escape parameter must be provided as its default value will change in /var/www/html/E-Stem_Suriname/src/controllers/ImportController.php on line 46
[25-May-2025 18:27:42 America/Paramaribo] PHP Deprecated:  str_getcsv(): the $escape parameter must be provided as its default value will change in /var/www/html/E-Stem_Suriname/src/controllers/ImportController.php on line 46
